This file contains any messages produced by compilers while
running configure, to aid debugging if configure makes a mistake.

It was created by CRC-DabMux configure 0.3.0.4, which was
generated by GNU Autoconf 2.65.  Invocation command line was

  $ ./configure --with-debug-malloc=no --disable-debug

## --------- ##
## Platform. ##
## --------- ##

hostname = sdr-test
uname -m = i686
uname -r = 3.2.0-39-generic-pae
uname -s = Linux
uname -v = #62-Ubuntu SMP Wed Feb 27 22:25:11 UTC 2013

/usr/bin/uname -p = unknown
/bin/uname -X     = unknown

/bin/arch              = unknown
/usr/bin/arch -k       = unknown
/usr/convex/getsysinfo = unknown
/usr/bin/hostinfo      = unknown
/bin/machine           = unknown
/usr/bin/oslevel       = unknown
/bin/universe          = unknown

PATH: /usr/lib/lightdm/lightdm
PATH: /usr/local/sbin
PATH: /usr/local/bin
PATH: /usr/sbin
PATH: /usr/bin
PATH: /sbin
PATH: /bin
PATH: /usr/games


## ----------- ##
## Core tests. ##
## ----------- ##

configure:2354: checking build system type
configure:2368: result: i686-pc-linux-gnu
configure:2388: checking host system type
configure:2401: result: i686-pc-linux-gnu
configure:2421: checking target system type
configure:2434: result: i686-pc-linux-gnu
configure:2477: checking for a BSD-compatible install
configure:2545: result: /usr/bin/install -c
configure:2556: checking whether build environment is sane
configure:2606: result: yes
configure:2747: checking for a thread-safe mkdir -p
configure:2786: result: /bin/mkdir -p
configure:2799: checking for gawk
configure:2829: result: no
configure:2799: checking for mawk
configure:2815: found /usr/bin/mawk
configure:2826: result: mawk
configure:2837: checking whether make sets $(MAKE)
configure:2859: result: yes
configure:3031: checking for g++
configure:3047: found /usr/bin/g++
configure:3058: result: g++
configure:3085: checking for C++ compiler version
configure:3094: g++ --version >&5
g++ (Ubuntu/Linaro 4.6.3-1ubuntu5) 4.6.3
Copyright (C) 2011 Free Software Foundation, Inc.
This is free software; see the source for copying conditions.  There is NO
warranty; not even for MERCHANTABILITY or FITNESS FOR A PARTICULAR PURPOSE.

configure:3105: $? = 0
configure:3094: g++ -v >&5
Using built-in specs.
COLLECT_GCC=g++
COLLECT_LTO_WRAPPER=/usr/lib/gcc/i686-linux-gnu/4.6/lto-wrapper
Target: i686-linux-gnu
Configured with: ../src/configure -v --with-pkgversion='Ubuntu/Linaro 4.6.3-1ubuntu5' --with-bugurl=file:///usr/share/doc/gcc-4.6/README.Bugs --enable-languages=c,c++,fortran,objc,obj-c++ --prefix=/usr --program-suffix=-4.6 --enable-shared --enable-linker-build-id --with-system-zlib --libexecdir=/usr/lib --without-included-gettext --enable-threads=posix --with-gxx-include-dir=/usr/include/c++/4.6 --libdir=/usr/lib --enable-nls --with-sysroot=/ --enable-clocale=gnu --enable-libstdcxx-debug --enable-libstdcxx-time=yes --enable-gnu-unique-object --enable-plugin --enable-objc-gc --enable-targets=all --disable-werror --with-arch-32=i686 --with-tune=generic --enable-checking=release --build=i686-linux-gnu --host=i686-linux-gnu --target=i686-linux-gnu
Thread model: posix
gcc version 4.6.3 (Ubuntu/Linaro 4.6.3-1ubuntu5) 
configure:3105: $? = 0
configure:3094: g++ -V >&5
g++: error: unrecognized option '-V'
g++: fatal error: no input files
compilation terminated.
configure:3105: $? = 4
configure:3094: g++ -qversion >&5
g++: error: unrecognized option '-qversion'
g++: fatal error: no input files
compilation terminated.
configure:3105: $? = 4
configure:3125: checking whether the C++ compiler works
configure:3147: g++    conftest.cpp  >&5
configure:3151: $? = 0
configure:3200: result: yes
configure:3203: checking for C++ compiler default output file name
configure:3205: result: a.out
configure:3211: checking for suffix of executables
configure:3218: g++ -o conftest    conftest.cpp  >&5
configure:3222: $? = 0
configure:3244: result: 
configure:3266: checking whether we are cross compiling
configure:3274: g++ -o conftest    conftest.cpp  >&5
configure:3278: $? = 0
configure:3285: ./conftest
configure:3289: $? = 0
configure:3304: result: no
configure:3309: checking for suffix of object files
configure:3331: g++ -c   conftest.cpp >&5
configure:3335: $? = 0
configure:3356: result: o
configure:3360: checking whether we are using the GNU C++ compiler
configure:3379: g++ -c   conftest.cpp >&5
configure:3379: $? = 0
configure:3388: result: yes
configure:3397: checking whether g++ accepts -g
configure:3417: g++ -c -g  conftest.cpp >&5
configure:3417: $? = 0
configure:3458: result: yes
configure:3492: checking for style of include used by make
configure:3520: result: GNU
configure:3545: checking dependency style of g++
configure:3655: result: gcc3
configure:3718: checking for gcc
configure:3734: found /usr/bin/gcc
configure:3745: result: gcc
configure:3974: checking for C compiler version
configure:3983: gcc --version >&5
gcc (Ubuntu/Linaro 4.6.3-1ubuntu5) 4.6.3
Copyright (C) 2011 Free Software Foundation, Inc.
This is free software; see the source for copying conditions.  There is NO
warranty; not even for MERCHANTABILITY or FITNESS FOR A PARTICULAR PURPOSE.

configure:3994: $? = 0
configure:3983: gcc -v >&5
Using built-in specs.
COLLECT_GCC=gcc
COLLECT_LTO_WRAPPER=/usr/lib/gcc/i686-linux-gnu/4.6/lto-wrapper
Target: i686-linux-gnu
Configured with: ../src/configure -v --with-pkgversion='Ubuntu/Linaro 4.6.3-1ubuntu5' --with-bugurl=file:///usr/share/doc/gcc-4.6/README.Bugs --enable-languages=c,c++,fortran,objc,obj-c++ --prefix=/usr --program-suffix=-4.6 --enable-shared --enable-linker-build-id --with-system-zlib --libexecdir=/usr/lib --without-included-gettext --enable-threads=posix --with-gxx-include-dir=/usr/include/c++/4.6 --libdir=/usr/lib --enable-nls --with-sysroot=/ --enable-clocale=gnu --enable-libstdcxx-debug --enable-libstdcxx-time=yes --enable-gnu-unique-object --enable-plugin --enable-objc-gc --enable-targets=all --disable-werror --with-arch-32=i686 --with-tune=generic --enable-checking=release --build=i686-linux-gnu --host=i686-linux-gnu --target=i686-linux-gnu
Thread model: posix
gcc version 4.6.3 (Ubuntu/Linaro 4.6.3-1ubuntu5) 
configure:3994: $? = 0
configure:3983: gcc -V >&5
gcc: error: unrecognized option '-V'
gcc: fatal error: no input files
compilation terminated.
configure:3994: $? = 4
configure:3983: gcc -qversion >&5
gcc: error: unrecognized option '-qversion'
gcc: fatal error: no input files
compilation terminated.
configure:3994: $? = 4
configure:3998: checking whether we are using the GNU C compiler
configure:4017: gcc -c   conftest.c >&5
configure:4017: $? = 0
configure:4026: result: yes
configure:4035: checking whether gcc accepts -g
configure:4055: gcc -c -g  conftest.c >&5
configure:4055: $? = 0
configure:4096: result: yes
configure:4113: checking for gcc option to accept ISO C89
configure:4177: gcc  -c -g -O2  conftest.c >&5
configure:4177: $? = 0
configure:4190: result: none needed
configure:4212: checking dependency style of gcc
configure:4322: result: gcc3
configure:4338: checking whether gcc and cc understand -c and -o together
configure:4369: gcc -c conftest.c -o conftest2.o >&5
configure:4373: $? = 0
configure:4379: gcc -c conftest.c -o conftest2.o >&5
configure:4383: $? = 0
configure:4394: cc -c conftest.c >&5
configure:4398: $? = 0
configure:4406: cc -c conftest.c -o conftest2.o >&5
configure:4410: $? = 0
configure:4416: cc -c conftest.c -o conftest2.o >&5
configure:4420: $? = 0
configure:4438: result: yes
configure:4470: checking for pthread_create in -lpthread
configure:4495: gcc -o conftest -g -O2   conftest.c -lpthread   >&5
configure:4495: $? = 0
configure:4504: result: yes
configure:4519: checking for OS type
configure:4526: checking how to run the C preprocessor
configure:4557: gcc -E  conftest.c
configure:4557: $? = 0
configure:4571: gcc -E  conftest.c
conftest.c:13:28: fatal error: ac_nonexistent.h: No such file or directory
compilation terminated.
configure:4571: $? = 1
configure: failed program was:
| /* confdefs.h */
| #define PACKAGE_NAME "CRC-DabMux"
| #define PACKAGE_TARNAME "crc-dabmux"
| #define PACKAGE_VERSION "0.3.0.4"
| #define PACKAGE_STRING "CRC-DabMux 0.3.0.4"
| #define PACKAGE_BUGREPORT "pascal.charest@crc.ca"
| #define PACKAGE_URL ""
| #define PACKAGE "crc-dabmux"
| #define VERSION "0.3.0.4"
| #define __32BIT__ /**/
| #define HAVE_LIBPTHREAD 1
| /* end confdefs.h.  */
| #include <ac_nonexistent.h>
configure:4596: result: gcc -E
configure:4616: gcc -E  conftest.c
configure:4616: $? = 0
configure:4630: gcc -E  conftest.c
conftest.c:13:28: fatal error: ac_nonexistent.h: No such file or directory
compilation terminated.
configure:4630: $? = 1
configure: failed program was:
| /* confdefs.h */
| #define PACKAGE_NAME "CRC-DabMux"
| #define PACKAGE_TARNAME "crc-dabmux"
| #define PACKAGE_VERSION "0.3.0.4"
| #define PACKAGE_STRING "CRC-DabMux 0.3.0.4"
| #define PACKAGE_BUGREPORT "pascal.charest@crc.ca"
| #define PACKAGE_URL ""
| #define PACKAGE "crc-dabmux"
| #define VERSION "0.3.0.4"
| #define __32BIT__ /**/
| #define HAVE_LIBPTHREAD 1
| /* end confdefs.h.  */
| #include <ac_nonexistent.h>
configure:4667: gcc -E  conftest.c
conftest.c:15:2: error: #error windows
configure:4667: $? = 1
configure: failed program was:
| /* confdefs.h */
| #define PACKAGE_NAME "CRC-DabMux"
| #define PACKAGE_TARNAME "crc-dabmux"
| #define PACKAGE_VERSION "0.3.0.4"
| #define PACKAGE_STRING "CRC-DabMux 0.3.0.4"
| #define PACKAGE_BUGREPORT "pascal.charest@crc.ca"
| #define PACKAGE_URL ""
| #define PACKAGE "crc-dabmux"
| #define VERSION "0.3.0.4"
| #define __32BIT__ /**/
| #define HAVE_LIBPTHREAD 1
| /* end confdefs.h.  */
| 
| #ifndef _WIN32
| #error windows
| #endif
| 
configure:4674: result: linux
configure:4687: checking for grep that handles long lines and -e
configure:4745: result: /bin/grep
configure:4750: checking for egrep
configure:4812: result: /bin/grep -E
configure:4817: checking for ANSI C header files
configure:4837: gcc -c -g -O2  conftest.c >&5
configure:4837: $? = 0
configure:4910: gcc -o conftest -g -O2   conftest.c -lpthread  >&5
configure:4910: $? = 0
configure:4910: ./conftest
configure:4910: $? = 0
configure:4921: result: yes
configure:4929: checking for sys/wait.h that is POSIX.1 compatible
configure:4955: gcc -c -g -O2  conftest.c >&5
configure:4955: $? = 0
configure:4962: result: yes
configure:4975: checking for sys/types.h
configure:4975: gcc -c -g -O2  conftest.c >&5
configure:4975: $? = 0
configure:4975: result: yes
configure:4975: checking for sys/stat.h
configure:4975: gcc -c -g -O2  conftest.c >&5
configure:4975: $? = 0
configure:4975: result: yes
configure:4975: checking for stdlib.h
configure:4975: gcc -c -g -O2  conftest.c >&5
configure:4975: $? = 0
configure:4975: result: yes
configure:4975: checking for string.h
configure:4975: gcc -c -g -O2  conftest.c >&5
configure:4975: $? = 0
configure:4975: result: yes
configure:4975: checking for memory.h
configure:4975: gcc -c -g -O2  conftest.c >&5
configure:4975: $? = 0
configure:4975: result: yes
configure:4975: checking for strings.h
configure:4975: gcc -c -g -O2  conftest.c >&5
configure:4975: $? = 0
configure:4975: result: yes
configure:4975: checking for inttypes.h
configure:4975: gcc -c -g -O2  conftest.c >&5
configure:4975: $? = 0
configure:4975: result: yes
configure:4975: checking for stdint.h
configure:4975: gcc -c -g -O2  conftest.c >&5
configure:4975: $? = 0
configure:4975: result: yes
configure:4975: checking for unistd.h
configure:4975: gcc -c -g -O2  conftest.c >&5
configure:4975: $? = 0
configure:4975: result: yes
configure:4991: checking arpa/inet.h usability
configure:4991: gcc -c -g -O2  conftest.c >&5
configure:4991: $? = 0
configure:4991: result: yes
configure:4991: checking arpa/inet.h presence
configure:4991: gcc -E  conftest.c
configure:4991: $? = 0
configure:4991: result: yes
configure:4991: checking for arpa/inet.h
configure:4991: result: yes
configure:4991: checking fcntl.h usability
configure:4991: gcc -c -g -O2  conftest.c >&5
configure:4991: $? = 0
configure:4991: result: yes
configure:4991: checking fcntl.h presence
configure:4991: gcc -E  conftest.c
configure:4991: $? = 0
configure:4991: result: yes
configure:4991: checking for fcntl.h
configure:4991: result: yes
configure:4991: checking limits.h usability
configure:4991: gcc -c -g -O2  conftest.c >&5
configure:4991: $? = 0
configure:4991: result: yes
configure:4991: checking limits.h presence
configure:4991: gcc -E  conftest.c
configure:4991: $? = 0
configure:4991: result: yes
configure:4991: checking for limits.h
configure:4991: result: yes
configure:4991: checking netdb.h usability
configure:4991: gcc -c -g -O2  conftest.c >&5
configure:4991: $? = 0
configure:4991: result: yes
configure:4991: checking netdb.h presence
configure:4991: gcc -E  conftest.c
configure:4991: $? = 0
configure:4991: result: yes
configure:4991: checking for netdb.h
configure:4991: result: yes
configure:4991: checking netinet/in.h usability
configure:4991: gcc -c -g -O2  conftest.c >&5
configure:4991: $? = 0
configure:4991: result: yes
configure:4991: checking netinet/in.h presence
configure:4991: gcc -E  conftest.c
configure:4991: $? = 0
configure:4991: result: yes
configure:4991: checking for netinet/in.h
configure:4991: result: yes
configure:4991: checking stddef.h usability
configure:4991: gcc -c -g -O2  conftest.c >&5
configure:4991: $? = 0
configure:4991: result: yes
configure:4991: checking stddef.h presence
configure:4991: gcc -E  conftest.c
configure:4991: $? = 0
configure:4991: result: yes
configure:4991: checking for stddef.h
configure:4991: result: yes
configure:4991: checking for stdint.h
configure:4991: result: yes
configure:4991: checking for stdlib.h
configure:4991: result: yes
configure:4991: checking for string.h
configure:4991: result: yes
configure:4991: checking sys/ioctl.h usability
configure:4991: gcc -c -g -O2  conftest.c >&5
configure:4991: $? = 0
configure:4991: result: yes
configure:4991: checking sys/ioctl.h presence
configure:4991: gcc -E  conftest.c
configure:4991: $? = 0
configure:4991: result: yes
configure:4991: checking for sys/ioctl.h
configure:4991: result: yes
configure:4991: checking sys/socket.h usability
configure:4991: gcc -c -g -O2  conftest.c >&5
configure:4991: $? = 0
configure:4991: result: yes
configure:4991: checking sys/socket.h presence
configure:4991: gcc -E  conftest.c
configure:4991: $? = 0
configure:4991: result: yes
configure:4991: checking for sys/socket.h
configure:4991: result: yes
configure:4991: checking sys/time.h usability
configure:4991: gcc -c -g -O2  conftest.c >&5
configure:4991: $? = 0
configure:4991: result: yes
configure:4991: checking sys/time.h presence
configure:4991: gcc -E  conftest.c
configure:4991: $? = 0
configure:4991: result: yes
configure:4991: checking for sys/time.h
configure:4991: result: yes
configure:4991: checking for unistd.h
configure:4991: result: yes
configure:5004: checking for stdbool.h that conforms to C99
configure:5089: gcc -c -g -O2  conftest.c >&5
configure:5089: $? = 0
configure:5096: result: yes
configure:5098: checking for _Bool
configure:5098: gcc -c -g -O2  conftest.c >&5
configure:5098: $? = 0
configure:5098: gcc -c -g -O2  conftest.c >&5
conftest.c: In function 'main':
conftest.c:73:20: error: expected expression before ')' token
configure:5098: $? = 1
configure: failed program was:
| /* confdefs.h */
| #define PACKAGE_NAME "CRC-DabMux"
| #define PACKAGE_TARNAME "crc-dabmux"
| #define PACKAGE_VERSION "0.3.0.4"
| #define PACKAGE_STRING "CRC-DabMux 0.3.0.4"
| #define PACKAGE_BUGREPORT "pascal.charest@crc.ca"
| #define PACKAGE_URL ""
| #define PACKAGE "crc-dabmux"
| #define VERSION "0.3.0.4"
| #define __32BIT__ /**/
| #define HAVE_LIBPTHREAD 1
| #define STDC_HEADERS 1
| #define HAVE_SYS_WAIT_H 1
| #define HAVE_SYS_TYPES_H 1
| #define HAVE_SYS_STAT_H 1
| #define HAVE_STDLIB_H 1
| #define HAVE_STRING_H 1
| #define HAVE_MEMORY_H 1
| #define HAVE_STRINGS_H 1
| #define HAVE_INTTYPES_H 1
| #define HAVE_STDINT_H 1
| #define HAVE_UNISTD_H 1
| #define HAVE_ARPA_INET_H 1
| #define HAVE_FCNTL_H 1
| #define HAVE_LIMITS_H 1
| #define HAVE_NETDB_H 1
| #define HAVE_NETINET_IN_H 1
| #define HAVE_STDDEF_H 1
| #define HAVE_STDINT_H 1
| #define HAVE_STDLIB_H 1
| #define HAVE_STRING_H 1
| #define HAVE_SYS_IOCTL_H 1
| #define HAVE_SYS_SOCKET_H 1
| #define HAVE_SYS_TIME_H 1
| #define HAVE_UNISTD_H 1
| /* end confdefs.h.  */
| #include <stdio.h>
| #ifdef HAVE_SYS_TYPES_H
| # include <sys/types.h>
| #endif
| #ifdef HAVE_SYS_STAT_H
| # include <sys/stat.h>
| #endif
| #ifdef STDC_HEADERS
| # include <stdlib.h>
| # include <stddef.h>
| #else
| # ifdef HAVE_STDLIB_H
| #  include <stdlib.h>
| # endif
| #endif
| #ifdef HAVE_STRING_H
| # if !defined STDC_HEADERS && defined HAVE_MEMORY_H
| #  include <memory.h>
| # endif
| # include <string.h>
| #endif
| #ifdef HAVE_STRINGS_H
| # include <strings.h>
| #endif
| #ifdef HAVE_INTTYPES_H
| # include <inttypes.h>
| #endif
| #ifdef HAVE_STDINT_H
| # include <stdint.h>
| #endif
| #ifdef HAVE_UNISTD_H
| # include <unistd.h>
| #endif
| int
| main ()
| {
| if (sizeof ((_Bool)))
| 	    return 0;
|   ;
|   return 0;
| }
configure:5098: result: yes
configure:5114: checking for an ANSI C-conforming const
configure:5179: gcc -c -g -O2  conftest.c >&5
configure:5179: $? = 0
configure:5186: result: yes
configure:5194: checking for size_t
configure:5194: gcc -c -g -O2  conftest.c >&5
configure:5194: $? = 0
configure:5194: gcc -c -g -O2  conftest.c >&5
conftest.c: In function 'main':
conftest.c:75:21: error: expected expression before ')' token
configure:5194: $? = 1
configure: failed program was:
| /* confdefs.h */
| #define PACKAGE_NAME "CRC-DabMux"
| #define PACKAGE_TARNAME "crc-dabmux"
| #define PACKAGE_VERSION "0.3.0.4"
| #define PACKAGE_STRING "CRC-DabMux 0.3.0.4"
| #define PACKAGE_BUGREPORT "pascal.charest@crc.ca"
| #define PACKAGE_URL ""
| #define PACKAGE "crc-dabmux"
| #define VERSION "0.3.0.4"
| #define __32BIT__ /**/
| #define HAVE_LIBPTHREAD 1
| #define STDC_HEADERS 1
| #define HAVE_SYS_WAIT_H 1
| #define HAVE_SYS_TYPES_H 1
| #define HAVE_SYS_STAT_H 1
| #define HAVE_STDLIB_H 1
| #define HAVE_STRING_H 1
| #define HAVE_MEMORY_H 1
| #define HAVE_STRINGS_H 1
| #define HAVE_INTTYPES_H 1
| #define HAVE_STDINT_H 1
| #define HAVE_UNISTD_H 1
| #define HAVE_ARPA_INET_H 1
| #define HAVE_FCNTL_H 1
| #define HAVE_LIMITS_H 1
| #define HAVE_NETDB_H 1
| #define HAVE_NETINET_IN_H 1
| #define HAVE_STDDEF_H 1
| #define HAVE_STDINT_H 1
| #define HAVE_STDLIB_H 1
| #define HAVE_STRING_H 1
| #define HAVE_SYS_IOCTL_H 1
| #define HAVE_SYS_SOCKET_H 1
| #define HAVE_SYS_TIME_H 1
| #define HAVE_UNISTD_H 1
| #define HAVE__BOOL 1
| #define HAVE_STDBOOL_H 1
| /* end confdefs.h.  */
| #include <stdio.h>
| #ifdef HAVE_SYS_TYPES_H
| # include <sys/types.h>
| #endif
| #ifdef HAVE_SYS_STAT_H
| # include <sys/stat.h>
| #endif
| #ifdef STDC_HEADERS
| # include <stdlib.h>
| # include <stddef.h>
| #else
| # ifdef HAVE_STDLIB_H
| #  include <stdlib.h>
| # endif
| #endif
| #ifdef HAVE_STRING_H
| # if !defined STDC_HEADERS && defined HAVE_MEMORY_H
| #  include <memory.h>
| # endif
| # include <string.h>
| #endif
| #ifdef HAVE_STRINGS_H
| # include <strings.h>
| #endif
| #ifdef HAVE_INTTYPES_H
| # include <inttypes.h>
| #endif
| #ifdef HAVE_STDINT_H
| # include <stdint.h>
| #endif
| #ifdef HAVE_UNISTD_H
| # include <unistd.h>
| #endif
| int
| main ()
| {
| if (sizeof ((size_t)))
| 	    return 0;
|   ;
|   return 0;
| }
configure:5194: result: yes
configure:5205: checking for ssize_t
configure:5205: gcc -c -g -O2  conftest.c >&5
configure:5205: $? = 0
configure:5205: gcc -c -g -O2  conftest.c >&5
conftest.c: In function 'main':
conftest.c:75:22: error: expected expression before ')' token
configure:5205: $? = 1
configure: failed program was:
| /* confdefs.h */
| #define PACKAGE_NAME "CRC-DabMux"
| #define PACKAGE_TARNAME "crc-dabmux"
| #define PACKAGE_VERSION "0.3.0.4"
| #define PACKAGE_STRING "CRC-DabMux 0.3.0.4"
| #define PACKAGE_BUGREPORT "pascal.charest@crc.ca"
| #define PACKAGE_URL ""
| #define PACKAGE "crc-dabmux"
| #define VERSION "0.3.0.4"
| #define __32BIT__ /**/
| #define HAVE_LIBPTHREAD 1
| #define STDC_HEADERS 1
| #define HAVE_SYS_WAIT_H 1
| #define HAVE_SYS_TYPES_H 1
| #define HAVE_SYS_STAT_H 1
| #define HAVE_STDLIB_H 1
| #define HAVE_STRING_H 1
| #define HAVE_MEMORY_H 1
| #define HAVE_STRINGS_H 1
| #define HAVE_INTTYPES_H 1
| #define HAVE_STDINT_H 1
| #define HAVE_UNISTD_H 1
| #define HAVE_ARPA_INET_H 1
| #define HAVE_FCNTL_H 1
| #define HAVE_LIMITS_H 1
| #define HAVE_NETDB_H 1
| #define HAVE_NETINET_IN_H 1
| #define HAVE_STDDEF_H 1
| #define HAVE_STDINT_H 1
| #define HAVE_STDLIB_H 1
| #define HAVE_STRING_H 1
| #define HAVE_SYS_IOCTL_H 1
| #define HAVE_SYS_SOCKET_H 1
| #define HAVE_SYS_TIME_H 1
| #define HAVE_UNISTD_H 1
| #define HAVE__BOOL 1
| #define HAVE_STDBOOL_H 1
| /* end confdefs.h.  */
| #include <stdio.h>
| #ifdef HAVE_SYS_TYPES_H
| # include <sys/types.h>
| #endif
| #ifdef HAVE_SYS_STAT_H
| # include <sys/stat.h>
| #endif
| #ifdef STDC_HEADERS
| # include <stdlib.h>
| # include <stddef.h>
| #else
| # ifdef HAVE_STDLIB_H
| #  include <stdlib.h>
| # endif
| #endif
| #ifdef HAVE_STRING_H
| # if !defined STDC_HEADERS && defined HAVE_MEMORY_H
| #  include <memory.h>
| # endif
| # include <string.h>
| #endif
| #ifdef HAVE_STRINGS_H
| # include <strings.h>
| #endif
| #ifdef HAVE_INTTYPES_H
| # include <inttypes.h>
| #endif
| #ifdef HAVE_STDINT_H
| # include <stdint.h>
| #endif
| #ifdef HAVE_UNISTD_H
| # include <unistd.h>
| #endif
| int
| main ()
| {
| if (sizeof ((ssize_t)))
| 	    return 0;
|   ;
|   return 0;
| }
configure:5205: result: yes
configure:5216: checking whether time.h and sys/time.h may both be included
configure:5236: gcc -c -g -O2  conftest.c >&5
configure:5236: $? = 0
configure:5243: result: yes
configure:5251: checking whether struct tm is in sys/time.h or time.h
configure:5271: gcc -c -g -O2  conftest.c >&5
configure:5271: $? = 0
configure:5278: result: time.h
configure:5286: checking for uint16_t
configure:5286: gcc -c -g -O2  conftest.c >&5
configure:5286: $? = 0
configure:5286: result: yes
configure:5298: checking for uint32_t
configure:5298: gcc -c -g -O2  conftest.c >&5
configure:5298: $? = 0
configure:5298: result: yes
configure:5312: checking for uint8_t
configure:5312: gcc -c -g -O2  conftest.c >&5
configure:5312: $? = 0
configure:5312: result: yes
configure:5326: checking for working volatile
configure:5345: gcc -c -g -O2  conftest.c >&5
configure:5345: $? = 0
configure:5352: result: yes
configure:5363: checking whether gcc needs -traditional
configure:5397: result: no
configure:5406: checking for stdlib.h
configure:5406: result: yes
configure:5416: checking for GNU libc compatible malloc
configure:5440: gcc -o conftest -g -O2   conftest.c -lpthread  >&5
configure:5440: $? = 0
configure:5440: ./conftest
configure:5440: $? = 0
configure:5450: result: yes
configure:5471: checking for working memcmp
configure:5514: gcc -o conftest -g -O2   conftest.c -lpthread  >&5
configure:5514: $? = 0
configure:5514: ./conftest
configure:5514: $? = 0
configure:5524: result: yes
configure:5535: checking for stdlib.h
configure:5535: result: yes
configure:5545: checking for GNU libc compatible realloc
configure:5569: gcc -o conftest -g -O2   conftest.c -lpthread  >&5
configure:5569: $? = 0
configure:5569: ./conftest
configure:5569: $? = 0
configure:5579: result: yes
configure:5600: checking return type of signal handlers
configure:5618: gcc -c -g -O2  conftest.c >&5
conftest.c: In function 'main':
conftest.c:50:1: error: void value not ignored as it ought to be
configure:5618: $? = 1
configure: failed program was:
| /* confdefs.h */
| #define PACKAGE_NAME "CRC-DabMux"
| #define PACKAGE_TARNAME "crc-dabmux"
| #define PACKAGE_VERSION "0.3.0.4"
| #define PACKAGE_STRING "CRC-DabMux 0.3.0.4"
| #define PACKAGE_BUGREPORT "pascal.charest@crc.ca"
| #define PACKAGE_URL ""
| #define PACKAGE "crc-dabmux"
| #define VERSION "0.3.0.4"
| #define __32BIT__ /**/
| #define HAVE_LIBPTHREAD 1
| #define STDC_HEADERS 1
| #define HAVE_SYS_WAIT_H 1
| #define HAVE_SYS_TYPES_H 1
| #define HAVE_SYS_STAT_H 1
| #define HAVE_STDLIB_H 1
| #define HAVE_STRING_H 1
| #define HAVE_MEMORY_H 1
| #define HAVE_STRINGS_H 1
| #define HAVE_INTTYPES_H 1
| #define HAVE_STDINT_H 1
| #define HAVE_UNISTD_H 1
| #define HAVE_ARPA_INET_H 1
| #define HAVE_FCNTL_H 1
| #define HAVE_LIMITS_H 1
| #define HAVE_NETDB_H 1
| #define HAVE_NETINET_IN_H 1
| #define HAVE_STDDEF_H 1
| #define HAVE_STDINT_H 1
| #define HAVE_STDLIB_H 1
| #define HAVE_STRING_H 1
| #define HAVE_SYS_IOCTL_H 1
| #define HAVE_SYS_SOCKET_H 1
| #define HAVE_SYS_TIME_H 1
| #define HAVE_UNISTD_H 1
| #define HAVE__BOOL 1
| #define HAVE_STDBOOL_H 1
| #define TIME_WITH_SYS_TIME 1
| #define HAVE_STDLIB_H 1
| #define HAVE_MALLOC 1
| #define HAVE_STDLIB_H 1
| #define HAVE_REALLOC 1
| /* end confdefs.h.  */
| #include <sys/types.h>
| #include <signal.h>
| 
| int
| main ()
| {
| return *(signal (0, 0)) (0) == 1;
|   ;
|   return 0;
| }
configure:5625: result: void
configure:5635: checking for vprintf
configure:5635: gcc -o conftest -g -O2   conftest.c -lpthread  >&5
conftest.c:68:6: warning: conflicting types for built-in function 'vprintf' [enabled by default]
configure:5635: $? = 0
configure:5635: result: yes
configure:5641: checking for _doprnt
configure:5641: gcc -o conftest -g -O2   conftest.c -lpthread  >&5
/tmp/ccA67sEF.o: In function `main':
/home/mc/Soft/crc-dabmux-0.3.0.4/conftest.c:80: undefined reference to `_doprnt'
collect2: ld returned 1 exit status
configure:5641: $? = 1
configure: failed program was:
| /* confdefs.h */
| #define PACKAGE_NAME "CRC-DabMux"
| #define PACKAGE_TARNAME "crc-dabmux"
| #define PACKAGE_VERSION "0.3.0.4"
| #define PACKAGE_STRING "CRC-DabMux 0.3.0.4"
| #define PACKAGE_BUGREPORT "pascal.charest@crc.ca"
| #define PACKAGE_URL ""
| #define PACKAGE "crc-dabmux"
| #define VERSION "0.3.0.4"
| #define __32BIT__ /**/
| #define HAVE_LIBPTHREAD 1
| #define STDC_HEADERS 1
| #define HAVE_SYS_WAIT_H 1
| #define HAVE_SYS_TYPES_H 1
| #define HAVE_SYS_STAT_H 1
| #define HAVE_STDLIB_H 1
| #define HAVE_STRING_H 1
| #define HAVE_MEMORY_H 1
| #define HAVE_STRINGS_H 1
| #define HAVE_INTTYPES_H 1
| #define HAVE_STDINT_H 1
| #define HAVE_UNISTD_H 1
| #define HAVE_ARPA_INET_H 1
| #define HAVE_FCNTL_H 1
| #define HAVE_LIMITS_H 1
| #define HAVE_NETDB_H 1
| #define HAVE_NETINET_IN_H 1
| #define HAVE_STDDEF_H 1
| #define HAVE_STDINT_H 1
| #define HAVE_STDLIB_H 1
| #define HAVE_STRING_H 1
| #define HAVE_SYS_IOCTL_H 1
| #define HAVE_SYS_SOCKET_H 1
| #define HAVE_SYS_TIME_H 1
| #define HAVE_UNISTD_H 1
| #define HAVE__BOOL 1
| #define HAVE_STDBOOL_H 1
| #define TIME_WITH_SYS_TIME 1
| #define HAVE_STDLIB_H 1
| #define HAVE_MALLOC 1
| #define HAVE_STDLIB_H 1
| #define HAVE_REALLOC 1
| #define RETSIGTYPE void
| #define HAVE_VPRINTF 1
| /* end confdefs.h.  */
| /* Define _doprnt to an innocuous variant, in case <limits.h> declares _doprnt.
|    For example, HP-UX 11i <limits.h> declares gettimeofday.  */
| #define _doprnt innocuous__doprnt
| 
| /* System header to define __stub macros and hopefully few prototypes,
|     which can conflict with char _doprnt (); below.
|     Prefer <limits.h> to <assert.h> if __STDC__ is defined, since
|     <limits.h> exists even on freestanding compilers.  */
| 
| #ifdef __STDC__
| # include <limits.h>
| #else
| # include <assert.h>
| #endif
| 
| #undef _doprnt
| 
| /* Override any GCC internal prototype to avoid an error.
|    Use char because int might match the return type of a GCC
|    builtin and then its argument prototype would still apply.  */
| #ifdef __cplusplus
| extern "C"
| #endif
| char _doprnt ();
| /* The GNU C library defines this for functions which it implements
|     to always fail with ENOSYS.  Some functions are actually named
|     something starting with __ and the normal name is an alias.  */
| #if defined __stub__doprnt || defined __stub____doprnt
| choke me
| #endif
| 
| int
| main ()
| {
| return _doprnt ();
|   ;
|   return 0;
| }
configure:5641: result: no
configure:5655: checking for bzero
configure:5655: gcc -o conftest -g -O2   conftest.c -lpthread  >&5
conftest.c:69:6: warning: conflicting types for built-in function 'bzero' [enabled by default]
configure:5655: $? = 0
configure:5655: result: yes
configure:5655: checking for gethostbyname
configure:5655: gcc -o conftest -g -O2   conftest.c -lpthread  >&5
configure:5655: $? = 0
configure:5655: result: yes
configure:5655: checking for gettimeofday
configure:5655: gcc -o conftest -g -O2   conftest.c -lpthread  >&5
configure:5655: $? = 0
configure:5655: result: yes
configure:5655: checking for inet_ntoa
configure:5655: gcc -o conftest -g -O2   conftest.c -lpthread  >&5
configure:5655: $? = 0
configure:5655: result: yes
configure:5655: checking for memchr
configure:5655: gcc -o conftest -g -O2   conftest.c -lpthread  >&5
conftest.c:73:6: warning: conflicting types for built-in function 'memchr' [enabled by default]
configure:5655: $? = 0
configure:5655: result: yes
configure:5655: checking for memmove
configure:5655: gcc -o conftest -g -O2   conftest.c -lpthread  >&5
conftest.c:74:6: warning: conflicting types for built-in function 'memmove' [enabled by default]
configure:5655: $? = 0
configure:5655: result: yes
configure:5655: checking for memset
configure:5655: gcc -o conftest -g -O2   conftest.c -lpthread  >&5
conftest.c:75:6: warning: conflicting types for built-in function 'memset' [enabled by default]
configure:5655: $? = 0
configure:5655: result: yes
configure:5655: checking for socket
configure:5655: gcc -o conftest -g -O2   conftest.c -lpthread  >&5
configure:5655: $? = 0
configure:5655: result: yes
configure:5655: checking for strchr
configure:5655: gcc -o conftest -g -O2   conftest.c -lpthread  >&5
conftest.c:77:6: warning: conflicting types for built-in function 'strchr' [enabled by default]
configure:5655: $? = 0
configure:5655: result: yes
configure:5655: checking for strdup
configure:5655: gcc -o conftest -g -O2   conftest.c -lpthread  >&5
conftest.c:78:6: warning: conflicting types for built-in function 'strdup' [enabled by default]
configure:5655: $? = 0
configure:5655: result: yes
configure:5655: checking for strerror
configure:5655: gcc -o conftest -g -O2   conftest.c -lpthread  >&5
configure:5655: $? = 0
configure:5655: result: yes
configure:5655: checking for strrchr
configure:5655: gcc -o conftest -g -O2   conftest.c -lpthread  >&5
conftest.c:80:6: warning: conflicting types for built-in function 'strrchr' [enabled by default]
configure:5655: $? = 0
configure:5655: result: yes
configure:5655: checking for strstr
configure:5655: gcc -o conftest -g -O2   conftest.c -lpthread  >&5
conftest.c:81:6: warning: conflicting types for built-in function 'strstr' [enabled by default]
configure:5655: $? = 0
configure:5655: result: yes
configure:5655: checking for strtol
configure:5655: gcc -o conftest -g -O2   conftest.c -lpthread  >&5
configure:5655: $? = 0
configure:5655: result: yes
configure:5655: checking for strtoul
configure:5655: gcc -o conftest -g -O2   conftest.c -lpthread  >&5
configure:5655: $? = 0
configure:5655: result: yes
configure:6048: creating ./config.status

## ---------------------- ##
## Running config.status. ##
## ---------------------- ##

This file was extended by CRC-DabMux config.status 0.3.0.4, which was
generated by GNU Autoconf 2.65.  Invocation command line was

  CONFIG_FILES    = 
  CONFIG_HEADERS  = 
  CONFIG_LINKS    = 
  CONFIG_COMMANDS = 
  $ ./config.status 

on sdr-test

config.status:937: creating Makefile
config.status:937: creating src/Makefile
config.status:937: creating lib/Makefile
config.status:937: creating lib/farsync/Makefile
config.status:937: creating config.h
config.status:1109: config.h is unchanged
config.status:1157: executing depfiles commands
configure:7359: WARNING: unrecognized options: --with-debug-malloc, --disable-debug

## ---------------- ##
## Cache variables. ##
## ---------------- ##

ac_cv_build=i686-pc-linux-gnu
ac_cv_c_compiler_gnu=yes
ac_cv_c_const=yes
ac_cv_c_uint16_t=yes
ac_cv_c_uint32_t=yes
ac_cv_c_uint8_t=yes
ac_cv_c_volatile=yes
ac_cv_cxx_compiler_gnu=yes
ac_cv_env_CCC_set=
ac_cv_env_CCC_value=
ac_cv_env_CC_set=
ac_cv_env_CC_value=
ac_cv_env_CFLAGS_set=
ac_cv_env_CFLAGS_value=
ac_cv_env_CPPFLAGS_set=
ac_cv_env_CPPFLAGS_value=
ac_cv_env_CPP_set=
ac_cv_env_CPP_value=
ac_cv_env_CXXFLAGS_set=
ac_cv_env_CXXFLAGS_value=
ac_cv_env_CXX_set=
ac_cv_env_CXX_value=
ac_cv_env_LDFLAGS_set=
ac_cv_env_LDFLAGS_value=
ac_cv_env_LIBS_set=
ac_cv_env_LIBS_value=
ac_cv_env_build_alias_set=
ac_cv_env_build_alias_value=
ac_cv_env_host_alias_set=
ac_cv_env_host_alias_value=
ac_cv_env_target_alias_set=
ac_cv_env_target_alias_value=
ac_cv_func__doprnt=no
ac_cv_func_bzero=yes
ac_cv_func_gethostbyname=yes
ac_cv_func_gettimeofday=yes
ac_cv_func_inet_ntoa=yes
ac_cv_func_malloc_0_nonnull=yes
ac_cv_func_memchr=yes
ac_cv_func_memcmp_working=yes
ac_cv_func_memmove=yes
ac_cv_func_memset=yes
ac_cv_func_realloc_0_nonnull=yes
ac_cv_func_socket=yes
ac_cv_func_strchr=yes
ac_cv_func_strdup=yes
ac_cv_func_strerror=yes
ac_cv_func_strrchr=yes
ac_cv_func_strstr=yes
ac_cv_func_strtol=yes
ac_cv_func_strtoul=yes
ac_cv_func_vprintf=yes
ac_cv_header_arpa_inet_h=yes
ac_cv_header_fcntl_h=yes
ac_cv_header_inttypes_h=yes
ac_cv_header_limits_h=yes
ac_cv_header_memory_h=yes
ac_cv_header_netdb_h=yes
ac_cv_header_netinet_in_h=yes
ac_cv_header_stdbool_h=yes
ac_cv_header_stdc=yes
ac_cv_header_stddef_h=yes
ac_cv_header_stdint_h=yes
ac_cv_header_stdlib_h=yes
ac_cv_header_string_h=yes
ac_cv_header_strings_h=yes
ac_cv_header_sys_ioctl_h=yes
ac_cv_header_sys_socket_h=yes
ac_cv_header_sys_stat_h=yes
ac_cv_header_sys_time_h=yes
ac_cv_header_sys_types_h=yes
ac_cv_header_sys_wait_h=yes
ac_cv_header_time=yes
ac_cv_header_unistd_h=yes
ac_cv_host=i686-pc-linux-gnu
ac_cv_lib_pthread_pthread_create=yes
ac_cv_objext=o
ac_cv_path_EGREP='/bin/grep -E'
ac_cv_path_GREP=/bin/grep
ac_cv_path_install='/usr/bin/install -c'
ac_cv_path_mkdir=/bin/mkdir
ac_cv_prog_AWK=mawk
ac_cv_prog_CPP='gcc -E'
ac_cv_prog_ac_ct_CC=gcc
ac_cv_prog_ac_ct_CXX=g++
ac_cv_prog_cc_c89=
ac_cv_prog_cc_g=yes
ac_cv_prog_cc_gcc_c_o=yes
ac_cv_prog_cxx_g=yes
ac_cv_prog_gcc_traditional=no
ac_cv_prog_make_make_set=yes
ac_cv_struct_tm=time.h
ac_cv_target=i686-pc-linux-gnu
ac_cv_type__Bool=yes
ac_cv_type_signal=void
ac_cv_type_size_t=yes
ac_cv_type_ssize_t=yes
am_cv_CC_dependencies_compiler_type=gcc3
am_cv_CXX_dependencies_compiler_type=gcc3

## ----------------- ##
## Output variables. ##
## ----------------- ##

ACLOCAL='${SHELL} /home/mc/Soft/crc-dabmux-0.3.0.4/build-aux/missing --run aclocal-1.11'
AMDEPBACKSLASH='\'
AMDEP_FALSE='#'
AMDEP_TRUE=''
AMTAR='${SHELL} /home/mc/Soft/crc-dabmux-0.3.0.4/build-aux/missing --run tar'
AUTOCONF='${SHELL} /home/mc/Soft/crc-dabmux-0.3.0.4/build-aux/missing --run autoconf'
AUTOHEADER='${SHELL} /home/mc/Soft/crc-dabmux-0.3.0.4/build-aux/missing --run autoheader'
AUTOMAKE='${SHELL} /home/mc/Soft/crc-dabmux-0.3.0.4/build-aux/missing --run automake-1.11'
AWK='mawk'
BUILD_HOST=''
BUILD_TARGET='CC='\''gcc -m32'\'' CXX='\''g++ -m32'\'' --target=i686'
CC='gcc'
CCDEPMODE='depmode=gcc3'
CFLAGS='-g -O2'
CPP='gcc -E'
CPPFLAGS=''
CXX='g++'
CXXDEPMODE='depmode=gcc3'
CXXFLAGS='-g -O2'
CYGPATH_W='echo'
DEFS='-DHAVE_CONFIG_H'
DEPDIR='.deps'
ECHO_C=''
ECHO_N='-n'
ECHO_T=''
EGREP='/bin/grep -E'
EXEEXT=''
FARSYNC_DIR='$(top_srcdir)/lib/farsync/linux'
GETOPT=''
GREP='/bin/grep'
INSTALL_DATA='${INSTALL} -m 644'
INSTALL_PROGRAM='${INSTALL}'
INSTALL_SCRIPT='${INSTALL}'
INSTALL_STRIP_PROGRAM='$(install_sh) -c -s'
LDFLAGS=''
LIBOBJS=''
LIBS='-lpthread '
LTLIBOBJS=''
MAKEINFO='${SHELL} /home/mc/Soft/crc-dabmux-0.3.0.4/build-aux/missing --run makeinfo'
MKDIR_P='/bin/mkdir -p'
OBJEXT='o'
PACKAGE='crc-dabmux'
PACKAGE_BUGREPORT='pascal.charest@crc.ca'
PACKAGE_NAME='CRC-DabMux'
PACKAGE_STRING='CRC-DabMux 0.3.0.4'
PACKAGE_TARNAME='crc-dabmux'
PACKAGE_URL=''
PACKAGE_VERSION='0.3.0.4'
PATH_SEPARATOR=':'
SET_MAKE=''
SHELL='/bin/bash'
STRIP=''
VERSION='0.3.0.4'
WINDOWS_FALSE=''
WINDOWS_TRUE='#'
WSOCK32=''
ac_ct_CC='gcc'
ac_ct_CXX='g++'
am__EXEEXT_FALSE=''
am__EXEEXT_TRUE='#'
am__fastdepCC_FALSE='#'
am__fastdepCC_TRUE=''
am__fastdepCXX_FALSE='#'
am__fastdepCXX_TRUE=''
am__include='include'
am__isrc=''
am__leading_dot='.'
am__quote=''
am__tar='${AMTAR} chof - "$$tardir"'
am__untar='${AMTAR} xf -'
bindir='${exec_prefix}/bin'
build='i686-pc-linux-gnu'
build_alias=''
build_cpu='i686'
build_os='linux-gnu'
build_vendor='pc'
datadir='${datarootdir}'
datarootdir='${prefix}/share'
docdir='${datarootdir}/doc/${PACKAGE_TARNAME}'
dvidir='${docdir}'
exec_prefix='${prefix}'
host='i686-pc-linux-gnu'
host_alias=''
host_cpu='i686'
host_os='linux-gnu'
host_vendor='pc'
htmldir='${docdir}'
includedir='${prefix}/include'
infodir='${datarootdir}/info'
install_sh='${SHELL} /home/mc/Soft/crc-dabmux-0.3.0.4/build-aux/install-sh'
libdir='${exec_prefix}/lib'
libexecdir='${exec_prefix}/libexec'
localedir='${datarootdir}/locale'
localstatedir='${prefix}/var'
mandir='${datarootdir}/man'
mkdir_p='/bin/mkdir -p'
oldincludedir='/usr/include'
pdfdir='${docdir}'
prefix='/usr/local'
program_transform_name='s,x,x,'
psdir='${docdir}'
sbindir='${exec_prefix}/sbin'
sharedstatedir='${prefix}/com'
sysconfdir='${prefix}/etc'
target='i686-pc-linux-gnu'
target_alias=''
target_cpu='i686'
target_os='linux-gnu'
target_vendor='pc'

## ----------- ##
## confdefs.h. ##
## ----------- ##

/* confdefs.h */
#define PACKAGE_NAME "CRC-DabMux"
#define PACKAGE_TARNAME "crc-dabmux"
#define PACKAGE_VERSION "0.3.0.4"
#define PACKAGE_STRING "CRC-DabMux 0.3.0.4"
#define PACKAGE_BUGREPORT "pascal.charest@crc.ca"
#define PACKAGE_URL ""
#define PACKAGE "crc-dabmux"
#define VERSION "0.3.0.4"
#define __32BIT__ /**/
#define HAVE_LIBPTHREAD 1
#define STDC_HEADERS 1
#define HAVE_SYS_WAIT_H 1
#define HAVE_SYS_TYPES_H 1
#define HAVE_SYS_STAT_H 1
#define HAVE_STDLIB_H 1
#define HAVE_STRING_H 1
#define HAVE_MEMORY_H 1
#define HAVE_STRINGS_H 1
#define HAVE_INTTYPES_H 1
#define HAVE_STDINT_H 1
#define HAVE_UNISTD_H 1
#define HAVE_ARPA_INET_H 1
#define HAVE_FCNTL_H 1
#define HAVE_LIMITS_H 1
#define HAVE_NETDB_H 1
#define HAVE_NETINET_IN_H 1
#define HAVE_STDDEF_H 1
#define HAVE_STDINT_H 1
#define HAVE_STDLIB_H 1
#define HAVE_STRING_H 1
#define HAVE_SYS_IOCTL_H 1
#define HAVE_SYS_SOCKET_H 1
#define HAVE_SYS_TIME_H 1
#define HAVE_UNISTD_H 1
#define HAVE__BOOL 1
#define HAVE_STDBOOL_H 1
#define TIME_WITH_SYS_TIME 1
#define HAVE_STDLIB_H 1
#define HAVE_MALLOC 1
#define HAVE_STDLIB_H 1
#define HAVE_REALLOC 1
#define RETSIGTYPE void
#define HAVE_VPRINTF 1
#define HAVE_BZERO 1
#define HAVE_GETHOSTBYNAME 1
#define HAVE_GETTIMEOFDAY 1
#define HAVE_INET_NTOA 1
#define HAVE_MEMCHR 1
#define HAVE_MEMMOVE 1
#define HAVE_MEMSET 1
#define HAVE_SOCKET 1
#define HAVE_STRCHR 1
#define HAVE_STRDUP 1
#define HAVE_STRERROR 1
#define HAVE_STRRCHR 1
#define HAVE_STRSTR 1
#define HAVE_STRTOL 1
#define HAVE_STRTOUL 1
#define HAVE_INPUT_PRBS 1
#define HAVE_INPUT_TEST 1
#define HAVE_INPUT_SLIP 1
#define HAVE_INPUT_UDP 1
#define HAVE_INPUT_FIFO 1
#define HAVE_INPUT_FILE 1
#define HAVE_OUTPUT_FILE 1
#define HAVE_OUTPUT_FIFO 1
#define HAVE_OUTPUT_UDP 1
#define HAVE_OUTPUT_TCP 1
#define HAVE_OUTPUT_RAW 1
#define HAVE_OUTPUT_SIMUL 1
#define HAVE_FORMAT_RAW 1
#define HAVE_FORMAT_BRIDGE 1
#define HAVE_FORMAT_MPEG 1
#define HAVE_FORMAT_PACKET 1
#define HAVE_FORMAT_DABPLUS 1
#define HAVE_FORMAT_DMB 1
#define HAVE_FORMAT_EPM 1

configure: exit 0
